SF:/home/gspecian/Projetos/rust_todo_app/src/main.rs
FN:40,_RNCNCNvCscvnoJWG8yBQ_13rust_todo_app4main00B5_
FN:56,_RNCNCNvCscvnoJWG8yBQ_13rust_todo_app4main0s0_0B5_
FN:57,_RNCNCNvCscvnoJWG8yBQ_13rust_todo_app4main0s1_0B5_
FN:70,_RNCNCNvCscvnoJWG8yBQ_13rust_todo_app4main0s2_0B5_
FN:78,_RNCNCNvCscvnoJWG8yBQ_13rust_todo_app4main0s3_0B5_
FN:50,_RNCNCNvCscvnoJWG8yBQ_13rust_todo_app4main0s_0B5_
FN:32,_RNCNvCscvnoJWG8yBQ_13rust_todo_app4main0B3_
FN:32,_RNvCscvnoJWG8yBQ_13rust_todo_app4main
FNDA:0,_RNCNCNvCscvnoJWG8yBQ_13rust_todo_app4main00B5_
FNDA:0,_RNCNCNvCscvnoJWG8yBQ_13rust_todo_app4main0s0_0B5_
FNDA:0,_RNCNCNvCscvnoJWG8yBQ_13rust_todo_app4main0s1_0B5_
FNDA:0,_RNCNCNvCscvnoJWG8yBQ_13rust_todo_app4main0s2_0B5_
FNDA:0,_RNCNCNvCscvnoJWG8yBQ_13rust_todo_app4main0s3_0B5_
FNDA:0,_RNCNCNvCscvnoJWG8yBQ_13rust_todo_app4main0s_0B5_
FNDA:0,_RNCNvCscvnoJWG8yBQ_13rust_todo_app4main0B3_
FNDA:0,_RNvCscvnoJWG8yBQ_13rust_todo_app4main
FNF:8
FNH:0
DA:32,0
DA:34,0
DA:37,0
DA:40,0
DA:41,0
DA:42,0
DA:43,0
DA:46,0
DA:47,0
DA:48,0
DA:49,0
DA:50,0
DA:51,0
DA:52,0
DA:53,0
DA:56,0
DA:57,0
DA:58,0
DA:61,0
DA:64,0
DA:65,0
DA:66,0
DA:67,0
DA:70,0
DA:71,0
DA:72,0
DA:73,0
DA:75,0
DA:78,0
DA:79,0
DA:80,0
DA:81,0
DA:83,0
DA:84,0
BRF:0
BRH:0
LF:45
LH:0
end_of_record
SF:/home/gspecian/Projetos/rust_todo_app/src/modules/health/routes.rs
FN:14,_RNvNtNtNtCscvnoJWG8yBQ_13rust_todo_app7modules6health6routes13health_routes
FNDA:0,_RNvNtNtNtCscvnoJWG8yBQ_13rust_todo_app7modules6health6routes13health_routes
FNF:1
FNH:0
DA:14,0
DA:15,0
DA:16,0
DA:17,0
DA:18,0
BRF:0
BRH:0
LF:5
LH:0
end_of_record
SF:/home/gspecian/Projetos/rust_todo_app/src/modules/health/service.rs
FN:25,_RNCNvNtNtNtCscvnoJWG8yBQ_13rust_todo_app7modules6health7service12health_check0B9_
FN:40,_RNCNvNtNtNtCscvnoJWG8yBQ_13rust_todo_app7modules6health7service4ping0B9_
FN:25,_RNvNtNtNtCscvnoJWG8yBQ_13rust_todo_app7modules6health7service12health_check
FN:40,_RNvNtNtNtCscvnoJWG8yBQ_13rust_todo_app7modules6health7service4ping
FNDA:0,_RNCNvNtNtNtCscvnoJWG8yBQ_13rust_todo_app7modules6health7service12health_check0B9_
FNDA:0,_RNCNvNtNtNtCscvnoJWG8yBQ_13rust_todo_app7modules6health7service4ping0B9_
FNDA:0,_RNvNtNtNtCscvnoJWG8yBQ_13rust_todo_app7modules6health7service12health_check
FNDA:0,_RNvNtNtNtCscvnoJWG8yBQ_13rust_todo_app7modules6health7service4ping
FNF:4
FNH:0
DA:25,0
DA:26,0
DA:27,0
DA:28,0
DA:29,0
DA:30,0
DA:40,0
DA:41,0
DA:42,0
DA:43,0
DA:44,0
DA:45,0
DA:46,0
DA:47,0
DA:48,0
DA:49,0
DA:50,0
DA:51,0
DA:55,0
DA:56,0
DA:57,0
DA:58,0
DA:59,0
DA:60,0
BRF:0
BRH:0
LF:26
LH:0
end_of_record